[2024-05-17 15:46:03,835] multiqc                                            [DEBUG  ]  This is MultiQC v1.21
[2024-05-17 15:46:03,837] multiqc                                            [DEBUG  ]  Command used: /usr/local/bin/multiqc --force --title x_mager sample sub-set ./data/merged_pairs/ ./analyses/fastqc/ ./analyses/x_mager_flash.log ./analyses/bowtie/
[2024-05-17 15:46:04,077] multiqc                                            [WARNING]  MultiQC Version v1.22.1 now available!
[2024-05-17 15:46:04,077] multiqc                                            [DEBUG  ]  Latest MultiQC version is v1.22.1, released 2024-05-17
[2024-05-17 15:46:04,078] multiqc                                            [DEBUG  ]  Working dir : /proj/applied_bioinformatics/users/x_mager/FASTQ_assignment/MedBioinfo
[2024-05-17 15:46:04,078] multiqc                                            [DEBUG  ]  Template    : default
[2024-05-17 15:46:04,078] multiqc                                            [DEBUG  ]  Running Python 3.10.12 (main, Nov 20 2023, 15:14:05) [GCC 11.4.0]
[2024-05-17 15:46:04,078] multiqc                                            [INFO   ]  Report title: x_mager sample sub-set
[2024-05-17 15:46:04,078] multiqc                                            [DEBUG  ]  Analysing modules: custom_content, ccs, ngsderive, purple, conpair, isoseq, lima, peddy, somalier, methylqa, mosdepth, phantompeakqualtools, qualimap, bamdst, preseq, hifiasm, quast, qorts, rna_seqc, rockhopper, rsem, rseqc, busco, bustools, goleft_indexcov, gffcompare, disambiguate, supernova, deeptools, sargasso, verifybamid, mirtrace, happy, mirtop, sambamba, gopeaks, homer, hops, macs2, theta2, snpeff, gatk, htseq, bcftools, featureCounts, fgbio, dragen, dragen_fastqc, dedup, pbmarkdup, damageprofiler, mapdamage, biobambam2, jcvi, mtnucratio, picard, vep, bakta, prokka, qc3C, nanostat, samblaster, samtools, sexdeterrmine, seqera_cli, eigenstratdatabasetools, bamtools, jellyfish, vcftools, longranger, stacks, varscan2, snippy, umitools, truvari, megahit, bbmap, bismark, biscuit, diamond, hicexplorer, hicup, hicpro, salmon, kallisto, slamdunk, star, hisat2, tophat, bowtie2, bowtie1, cellranger, snpsplit, odgi, pangolin, nextclade, freyja, humid, kat, leehom, librarian, nonpareil, adapterRemoval, bbduk, clipandmerge, cutadapt, flexbar, sourmash, kaiju, bracken, kraken, malt, motus, trimmomatic, sickle, skewer, sortmerna, biobloomtools, fastq_screen, afterqc, fastp, fastqc, filtlong, prinseqplusplus, pychopper, porechop, pycoqc, minionqc, anglerfish, multivcfanalyzer, clusterflow, checkqc, bcl2fastq, bclconvert, interop, ivar, flash, seqyclean, optitype, whatshap, spaceranger, xenome, xengsort, metaphlan, seqwho
[2024-05-17 15:46:04,078] multiqc                                            [DEBUG  ]  Using temporary directory for creating report: /tmp/tmpe7emo1rk
[2024-05-17 15:46:04,080] multiqc                                            [INFO   ]  Search path : /proj/applied_bioinformatics/users/x_mager/FASTQ_assignment/MedBioinfo/data/merged_pairs
[2024-05-17 15:46:04,080] multiqc                                            [INFO   ]  Search path : /proj/applied_bioinformatics/users/x_mager/FASTQ_assignment/MedBioinfo/analyses/fastqc
[2024-05-17 15:46:04,080] multiqc                                            [INFO   ]  Search path : /proj/applied_bioinformatics/users/x_mager/FASTQ_assignment/MedBioinfo/analyses/x_mager_flash.log
[2024-05-17 15:46:04,080] multiqc                                            [INFO   ]  Search path : /proj/applied_bioinformatics/users/x_mager/FASTQ_assignment/MedBioinfo/analyses/bowtie
[2024-05-17 15:46:05,158] multiqc                                            [DEBUG  ]  Summary of files that were skipped by the search: [skipped_module_specific_max_filesize: 318] // [skipped_no_match: 64] // [skipped_ignore_pattern: 34]
[2024-05-17 15:46:05,193] multiqc                                            [DEBUG  ]  No samples found: custom_content
[2024-05-17 15:46:05,196] multiqc.modules.bowtie2.bowtie2                    [INFO   ]  Found 4 reports
[2024-05-17 15:46:05,196] multiqc.utils.util_functions                       [DEBUG  ]  Wrote data file multiqc_bowtie2.txt
[2024-05-17 15:46:05,887] multiqc.modules.fastqc.fastqc                      [INFO   ]  Found 20 reports
[2024-05-17 15:46:05,888] multiqc.utils.util_functions                       [DEBUG  ]  Wrote data file multiqc_fastqc.txt
[2024-05-17 15:46:05,989] multiqc.plots.plotly.heatmap                       [DEBUG  ]  Resizing from 450x520 to fit the maximum size 900x500
[2024-05-17 15:46:05,989] multiqc.plots.plotly.heatmap                       [DEBUG  ]  Heatmap size: 900x500, px per element: 90.00x25.00
[2024-05-17 15:46:06,000] multiqc.modules.flash.flash                        [INFO   ]  Found 10 log reports
[2024-05-17 15:46:06,006] multiqc.utils.util_functions                       [DEBUG  ]  Wrote data file multiqc_flash_combo_stats.txt
[2024-05-17 15:46:06,012] multiqc.modules.flash.flash                        [INFO   ]  Found 10 histogram reports
[2024-05-17 15:46:06,021] multiqc.utils.software_versions                    [DEBUG  ]  Reading software versions from config.software_versions
[2024-05-17 15:46:06,022] multiqc.utils.util_functions                       [DEBUG  ]  Wrote data file multiqc_software_versions.txt
[2024-05-17 15:46:06,051] multiqc.utils.util_functions                       [DEBUG  ]  Wrote data file multiqc_general_stats.txt
[2024-05-17 15:46:06,052] multiqc                                            [DEBUG  ]  Compressing plot data
[2024-05-17 15:46:06,472] multiqc.utils.util_functions                       [DEBUG  ]  Wrote data file multiqc_data.json
[2024-05-17 15:46:06,473] multiqc                                            [INFO   ]  Report      : x_mager-sample-sub-set_multiqc_report.html
[2024-05-17 15:46:06,473] multiqc                                            [INFO   ]  Data        : x_mager-sample-sub-set_multiqc_report_data
[2024-05-17 15:46:06,473] multiqc                                            [DEBUG  ]  Moving data file from '/tmp/tmpe7emo1rk/multiqc_data' to '/proj/applied_bioinformatics/users/x_mager/FASTQ_assignment/MedBioinfo/x_mager-sample-sub-set_multiqc_report_data'
[2024-05-17 15:46:06,517] multiqc                                            [DEBUG  ]  Full report path: /proj/applied_bioinformatics/users/x_mager/FASTQ_assignment/MedBioinfo/x_mager-sample-sub-set_multiqc_report.html
[2024-05-17 15:46:06,716] multiqc                                            [INFO   ]  MultiQC complete
